<?xml version="1.0" encoding="UTF-8"?>
<testng-results skipped="0" failed="0" ignored="0" total="1" passed="1">
  <reporter-output>
  </reporter-output>
  <suite name="Default suite" duration-ms="7762" started-at="2022-02-02T17:39:16Z" finished-at="2022-02-02T17:39:24Z">
    <groups>
    </groups>
    <test name="Default test" duration-ms="7762" started-at="2022-02-02T17:39:16Z" finished-at="2022-02-02T17:39:24Z">
      <class name="com.demo.test.TestAddToCartHighestAmountProd.TestAddCart">
        <test-method status="PASS" signature="setUp()[pri:0, instance:com.demo.test.TestAddToCartHighestAmountProd.TestAddCart@31ef45e3]" name="setUp" is-config="true" duration-ms="6932" started-at="2022-02-02T17:39:16Z" finished-at="2022-02-02T17:39:23Z">
          <reporter-output>
          </reporter-output>
        </test-method> <!-- setUp -->
        <test-method status="PASS" signature="addHighestAmountProduct()[pri:0, instance:com.demo.test.TestAddToCartHighestAmountProd.TestAddCart@31ef45e3]" name="addHighestAmountProduct" duration-ms="791" started-at="2022-02-02T17:39:23Z" finished-at="2022-02-02T17:39:24Z">
          <reporter-output>
          </reporter-output>
        </test-method> <!-- addHighestAmountProduct -->
      </class> <!-- com.demo.test.TestAddToCartHighestAmountProd.TestAddCart -->
    </test> <!-- Default test -->
  </suite> <!-- Default suite -->
</testng-results>
